c:\users\duain\documents\nettistudio\nettistudio\x64\debug\vc143.pdb
c:\users\duain\documents\nettistudio\nettistudio\x64\debug\vc143.idb
c:\users\duain\documents\nettistudio\nettistudio\x64\debug\stb_image.obj
c:\users\duain\documents\nettistudio\nettistudio\x64\debug\shader.obj
c:\users\duain\documents\nettistudio\nettistudio\x64\debug\renderer.obj
c:\users\duain\documents\nettistudio\nettistudio\x64\debug\glfw.obj
c:\users\duain\documents\nettistudio\nettistudio\x64\debug\backend.obj
c:\users\duain\documents\nettistudio\nettistudio\x64\debug\application.obj
c:\users\duain\documents\nettistudio\x64\debug\nettistudio.exe
c:\users\duain\documents\nettistudio\x64\debug\nettistudio.pdb
c:\users\duain\documents\nettistudio\x64\debug\glfw3.dll
c:\users\duain\documents\nettistudio\nettistudio\x64\debug\nettistudio.ilk
c:\users\duain\documents\nettistudio\nettistudio\x64\debug\nettistudio.tlog\cl.command.1.tlog
c:\users\duain\documents\nettistudio\nettistudio\x64\debug\nettistudio.tlog\cl.items.tlog
c:\users\duain\documents\nettistudio\nettistudio\x64\debug\nettistudio.tlog\cl.read.1.tlog
c:\users\duain\documents\nettistudio\nettistudio\x64\debug\nettistudio.tlog\cl.write.1.tlog
c:\users\duain\documents\nettistudio\nettistudio\x64\debug\nettistudio.tlog\link.command.1.tlog
c:\users\duain\documents\nettistudio\nettistudio\x64\debug\nettistudio.tlog\link.read.1.tlog
c:\users\duain\documents\nettistudio\nettistudio\x64\debug\nettistudio.tlog\link.secondary.1.tlog
c:\users\duain\documents\nettistudio\nettistudio\x64\debug\nettistudio.tlog\link.write.1.tlog
c:\users\duain\documents\nettistudio\nettistudio\x64\debug\nettistudio.tlog\nettistudio.write.1u.tlog
